<?xml version="1.0" encoding="UTF-8"?>
<testsuite xmlns:xsi="http://www.w3.org/2001/XMLSchema-instance" xsi:noNamespaceSchemaLocation="https://maven.apache.org/surefire/maven-failsafe-plugin/xsd/failsafe-test-report-3.0.xsd" version="3.0" name="testrunners.MyTestRunner" time="108.94" tests="1" errors="0" skipped="0" failures="1">
  <properties>
    <property name="sun.desktop" value="windows"/>
    <property name="awt.toolkit" value="sun.awt.windows.WToolkit"/>
    <property name="java.specification.version" value="11"/>
    <property name="sun.cpu.isalist" value="amd64"/>
    <property name="sun.jnu.encoding" value="Cp1252"/>
    <property name="java.class.path" value="E:\Shweta_Space\workspace\MyCucumberPOMSeries\target\test-classes;E:\Shweta_Space\workspace\MyCucumberPOMSeries\target\MyCucumberPOMSeries-0.0.1-SNAPSHOT.jar;C:\Users\rajiv\.m2\repository\io\cucumber\cucumber-java\6.9.0\cucumber-java-6.9.0.jar;C:\Users\rajiv\.m2\repository\io\cucumber\cucumber-core\6.9.0\cucumber-core-6.9.0.jar;C:\Users\rajiv\.m2\repository\io\cucumber\cucumber-gherkin\6.9.0\cucumber-gherkin-6.9.0.jar;C:\Users\rajiv\.m2\repository\io\cucumber\cucumber-gherkin-messages\6.9.0\cucumber-gherkin-messages-6.9.0.jar;C:\Users\rajiv\.m2\repository\io\cucumber\messages\13.2.0\messages-13.2.0.jar;C:\Users\rajiv\.m2\repository\io\cucumber\tag-expressions\3.0.0\tag-expressions-3.0.0.jar;C:\Users\rajiv\.m2\repository\io\cucumber\cucumber-expressions\10.3.0\cucumber-expressions-10.3.0.jar;C:\Users\rajiv\.m2\repository\io\cucumber\datatable\3.5.0\datatable-3.5.0.jar;C:\Users\rajiv\.m2\repository\io\cucumber\cucumber-plugin\6.9.0\cucumber-plugin-6.9.0.jar;C:\Users\rajiv\.m2\repository\io\cucumber\docstring\6.9.0\docstring-6.9.0.jar;C:\Users\rajiv\.m2\repository\io\cucumber\html-formatter\9.0.0\html-formatter-9.0.0.jar;C:\Users\rajiv\.m2\repository\io\cucumber\create-meta\2.0.4\create-meta-2.0.4.jar;C:\Users\rajiv\.m2\repository\org\apiguardian\apiguardian-api\1.1.0\apiguardian-api-1.1.0.jar;C:\Users\rajiv\.m2\repository\io\cucumber\cucumber-junit\6.9.0\cucumber-junit-6.9.0.jar;C:\Users\rajiv\.m2\repository\junit\junit\4.13.1\junit-4.13.1.jar;C:\Users\rajiv\.m2\repository\org\hamcrest\hamcrest-core\1.3\hamcrest-core-1.3.jar;C:\Users\rajiv\.m2\repository\org\seleniumhq\selenium\selenium-java\3.141.59\selenium-java-3.141.59.jar;C:\Users\rajiv\.m2\repository\org\seleniumhq\selenium\selenium-api\3.141.59\selenium-api-3.141.59.jar;C:\Users\rajiv\.m2\repository\org\seleniumhq\selenium\selenium-chrome-driver\3.141.59\selenium-chrome-driver-3.141.59.jar;C:\Users\rajiv\.m2\repository\org\seleniumhq\selenium\selenium-edge-driver\3.141.59\selenium-edge-driver-3.141.59.jar;C:\Users\rajiv\.m2\repository\org\seleniumhq\selenium\selenium-firefox-driver\3.141.59\selenium-firefox-driver-3.141.59.jar;C:\Users\rajiv\.m2\repository\org\seleniumhq\selenium\selenium-ie-driver\3.141.59\selenium-ie-driver-3.141.59.jar;C:\Users\rajiv\.m2\repository\org\seleniumhq\selenium\selenium-opera-driver\3.141.59\selenium-opera-driver-3.141.59.jar;C:\Users\rajiv\.m2\repository\org\seleniumhq\selenium\selenium-remote-driver\3.141.59\selenium-remote-driver-3.141.59.jar;C:\Users\rajiv\.m2\repository\org\seleniumhq\selenium\selenium-safari-driver\3.141.59\selenium-safari-driver-3.141.59.jar;C:\Users\rajiv\.m2\repository\org\seleniumhq\selenium\selenium-support\3.141.59\selenium-support-3.141.59.jar;C:\Users\rajiv\.m2\repository\net\bytebuddy\byte-buddy\1.8.15\byte-buddy-1.8.15.jar;C:\Users\rajiv\.m2\repository\org\apache\commons\commons-exec\1.3\commons-exec-1.3.jar;C:\Users\rajiv\.m2\repository\com\google\guava\guava\25.0-jre\guava-25.0-jre.jar;C:\Users\rajiv\.m2\repository\com\google\code\findbugs\jsr305\1.3.9\jsr305-1.3.9.jar;C:\Users\rajiv\.m2\repository\org\checkerframework\checker-compat-qual\2.0.0\checker-compat-qual-2.0.0.jar;C:\Users\rajiv\.m2\repository\com\google\errorprone\error_prone_annotations\2.1.3\error_prone_annotations-2.1.3.jar;C:\Users\rajiv\.m2\repository\com\google\j2objc\j2objc-annotations\1.1\j2objc-annotations-1.1.jar;C:\Users\rajiv\.m2\repository\org\codehaus\mojo\animal-sniffer-annotations\1.14\animal-sniffer-annotations-1.14.jar;C:\Users\rajiv\.m2\repository\com\squareup\okhttp3\okhttp\3.11.0\okhttp-3.11.0.jar;C:\Users\rajiv\.m2\repository\com\squareup\okio\okio\1.14.0\okio-1.14.0.jar;C:\Users\rajiv\.m2\repository\io\github\bonigarcia\webdrivermanager\4.2.2\webdrivermanager-4.2.2.jar;C:\Users\rajiv\.m2\repository\org\slf4j\slf4j-api\1.7.30\slf4j-api-1.7.30.jar;C:\Users\rajiv\.m2\repository\commons-io\commons-io\2.8.0\commons-io-2.8.0.jar;C:\Users\rajiv\.m2\repository\com\google\code\gson\gson\2.8.6\gson-2.8.6.jar;C:\Users\rajiv\.m2\repository\org\apache\commons\commons-lang3\3.11\commons-lang3-3.11.jar;C:\Users\rajiv\.m2\repository\org\apache\httpcomponents\client5\httpclient5\5.0.1\httpclient5-5.0.1.jar;C:\Users\rajiv\.m2\repository\org\apache\httpcomponents\core5\httpcore5\5.0.1\httpcore5-5.0.1.jar;C:\Users\rajiv\.m2\repository\org\apache\httpcomponents\core5\httpcore5-h2\5.0.1\httpcore5-h2-5.0.1.jar;C:\Users\rajiv\.m2\repository\org\rauschig\jarchivelib\1.1.0\jarchivelib-1.1.0.jar;C:\Users\rajiv\.m2\repository\org\jsoup\jsoup\1.13.1\jsoup-1.13.1.jar;C:\Users\rajiv\.m2\repository\tech\grasshopper\extentreports-cucumber6-adapter\2.6.0\extentreports-cucumber6-adapter-2.6.0.jar;C:\Users\rajiv\.m2\repository\com\aventstack\extentreports\5.0.5\extentreports-5.0.5.jar;C:\Users\rajiv\.m2\repository\io\reactivex\rxjava3\rxjava\3.0.4\rxjava-3.0.4.jar;C:\Users\rajiv\.m2\repository\org\reactivestreams\reactive-streams\1.0.3\reactive-streams-1.0.3.jar;C:\Users\rajiv\.m2\repository\org\freemarker\freemarker\2.3.30\freemarker-2.3.30.jar;C:\Users\rajiv\.m2\repository\org\projectlombok\lombok\1.18.12\lombok-1.18.12.jar;C:\Users\rajiv\.m2\repository\tech\grasshopper\extent-pdf-report\1.5.0\extent-pdf-report-1.5.0.jar;C:\Users\rajiv\.m2\repository\tech\grasshopper\cucumber-pdf-report\1.7.0\cucumber-pdf-report-1.7.0.jar;C:\Users\rajiv\.m2\repository\org\knowm\xchart\xchart\3.6.5\xchart-3.6.5.jar;C:\Users\rajiv\.m2\repository\de\erichseifert\vectorgraphics2d\VectorGraphics2D\0.13\VectorGraphics2D-0.13.jar;C:\Users\rajiv\.m2\repository\de\rototor\pdfbox\graphics2d\0.27\graphics2d-0.27.jar;C:\Users\rajiv\.m2\repository\com\madgag\animated-gif-lib\1.4\animated-gif-lib-1.4.jar;C:\Users\rajiv\.m2\repository\com\github\vandeseer\easytable\0.7.1\easytable-0.7.1.jar;C:\Users\rajiv\.m2\repository\org\yaml\snakeyaml\1.27\snakeyaml-1.27.jar;C:\Users\rajiv\.m2\repository\com\aventstack\klov-reporter\5.0.5\klov-reporter-5.0.5.jar;C:\Users\rajiv\.m2\repository\org\mongodb\bson\3.6.4\bson-3.6.4.jar;C:\Users\rajiv\.m2\repository\org\apache\httpcomponents\httpclient\4.5.2\httpclient-4.5.2.jar;C:\Users\rajiv\.m2\repository\org\apache\httpcomponents\httpcore\4.4.4\httpcore-4.4.4.jar;C:\Users\rajiv\.m2\repository\org\apache\httpcomponents\httpmime\4.5.2\httpmime-4.5.2.jar;C:\Users\rajiv\.m2\repository\org\mongodb\mongodb-driver\3.3.0\mongodb-driver-3.3.0.jar;C:\Users\rajiv\.m2\repository\org\mongodb\mongodb-driver-core\3.3.0\mongodb-driver-core-3.3.0.jar;C:\Users\rajiv\.m2\repository\org\testng\testng\6.14.3\testng-6.14.3.jar;C:\Users\rajiv\.m2\repository\com\beust\jcommander\1.72\jcommander-1.72.jar;C:\Users\rajiv\.m2\repository\org\apache-extras\beanshell\bsh\2.0b6\bsh-2.0b6.jar;C:\Users\rajiv\.m2\repository\io\cucumber\cucumber-testng\6.9.0\cucumber-testng-6.9.0.jar;C:\Users\rajiv\.m2\repository\org\apache\poi\poi\4.1.2\poi-4.1.2.jar;C:\Users\rajiv\.m2\repository\commons-codec\commons-codec\1.13\commons-codec-1.13.jar;C:\Users\rajiv\.m2\repository\org\apache\commons\commons-collections4\4.4\commons-collections4-4.4.jar;C:\Users\rajiv\.m2\repository\org\apache\commons\commons-math3\3.6.1\commons-math3-3.6.1.jar;C:\Users\rajiv\.m2\repository\com\zaxxer\SparseBitSet\1.2\SparseBitSet-1.2.jar;C:\Users\rajiv\.m2\repository\org\apache\poi\poi-ooxml\4.1.2\poi-ooxml-4.1.2.jar;C:\Users\rajiv\.m2\repository\org\apache\poi\poi-ooxml-schemas\4.1.2\poi-ooxml-schemas-4.1.2.jar;C:\Users\rajiv\.m2\repository\org\apache\xmlbeans\xmlbeans\3.1.0\xmlbeans-3.1.0.jar;C:\Users\rajiv\.m2\repository\org\apache\commons\commons-compress\1.19\commons-compress-1.19.jar;C:\Users\rajiv\.m2\repository\com\github\virtuald\curvesapi\1.06\curvesapi-1.06.jar;C:\Users\rajiv\.m2\repository\com\github\ralfstuckert\pdfbox-layout\pdfbox2-layout\1.0.1\pdfbox2-layout-1.0.1.jar;C:\Users\rajiv\.m2\repository\org\apache\pdfbox\pdfbox\2.0.4\pdfbox-2.0.4.jar;C:\Users\rajiv\.m2\repository\org\apache\pdfbox\fontbox\2.0.4\fontbox-2.0.4.jar;C:\Users\rajiv\.m2\repository\commons-logging\commons-logging\1.2\commons-logging-1.2.jar;"/>
    <property name="java.vm.vendor" value="Oracle Corporation"/>
    <property name="sun.arch.data.model" value="64"/>
    <property name="user.variant" value=""/>
    <property name="java.vendor.url" value="https://openjdk.java.net/"/>
    <property name="user.timezone" value="Asia/Calcutta"/>
    <property name="java.vm.specification.version" value="11"/>
    <property name="os.name" value="Windows 10"/>
    <property name="sun.java.launcher" value="SUN_STANDARD"/>
    <property name="user.country" value="IN"/>
    <property name="sun.boot.library.path" value="C:\Program Files\Java\jdk-11.0.12\bin"/>
    <property name="sun.java.command" value="C:\Users\rajiv\AppData\Local\Temp\surefire9701301799210106251\surefirebooter4962278649113006341.jar C:\Users\rajiv\AppData\Local\Temp\surefire9701301799210106251 2021-09-17T17-53-52_567-jvmRun1 surefire1424098993956034188tmp surefire_018229732344533998842tmp"/>
    <property name="jdk.debug" value="release"/>
    <property name="surefire.test.class.path" value="E:\Shweta_Space\workspace\MyCucumberPOMSeries\target\test-classes;E:\Shweta_Space\workspace\MyCucumberPOMSeries\target\MyCucumberPOMSeries-0.0.1-SNAPSHOT.jar;C:\Users\rajiv\.m2\repository\io\cucumber\cucumber-java\6.9.0\cucumber-java-6.9.0.jar;C:\Users\rajiv\.m2\repository\io\cucumber\cucumber-core\6.9.0\cucumber-core-6.9.0.jar;C:\Users\rajiv\.m2\repository\io\cucumber\cucumber-gherkin\6.9.0\cucumber-gherkin-6.9.0.jar;C:\Users\rajiv\.m2\repository\io\cucumber\cucumber-gherkin-messages\6.9.0\cucumber-gherkin-messages-6.9.0.jar;C:\Users\rajiv\.m2\repository\io\cucumber\messages\13.2.0\messages-13.2.0.jar;C:\Users\rajiv\.m2\repository\io\cucumber\tag-expressions\3.0.0\tag-expressions-3.0.0.jar;C:\Users\rajiv\.m2\repository\io\cucumber\cucumber-expressions\10.3.0\cucumber-expressions-10.3.0.jar;C:\Users\rajiv\.m2\repository\io\cucumber\datatable\3.5.0\datatable-3.5.0.jar;C:\Users\rajiv\.m2\repository\io\cucumber\cucumber-plugin\6.9.0\cucumber-plugin-6.9.0.jar;C:\Users\rajiv\.m2\repository\io\cucumber\docstring\6.9.0\docstring-6.9.0.jar;C:\Users\rajiv\.m2\repository\io\cucumber\html-formatter\9.0.0\html-formatter-9.0.0.jar;C:\Users\rajiv\.m2\repository\io\cucumber\create-meta\2.0.4\create-meta-2.0.4.jar;C:\Users\rajiv\.m2\repository\org\apiguardian\apiguardian-api\1.1.0\apiguardian-api-1.1.0.jar;C:\Users\rajiv\.m2\repository\io\cucumber\cucumber-junit\6.9.0\cucumber-junit-6.9.0.jar;C:\Users\rajiv\.m2\repository\junit\junit\4.13.1\junit-4.13.1.jar;C:\Users\rajiv\.m2\repository\org\hamcrest\hamcrest-core\1.3\hamcrest-core-1.3.jar;C:\Users\rajiv\.m2\repository\org\seleniumhq\selenium\selenium-java\3.141.59\selenium-java-3.141.59.jar;C:\Users\rajiv\.m2\repository\org\seleniumhq\selenium\selenium-api\3.141.59\selenium-api-3.141.59.jar;C:\Users\rajiv\.m2\repository\org\seleniumhq\selenium\selenium-chrome-driver\3.141.59\selenium-chrome-driver-3.141.59.jar;C:\Users\rajiv\.m2\repository\org\seleniumhq\selenium\selenium-edge-driver\3.141.59\selenium-edge-driver-3.141.59.jar;C:\Users\rajiv\.m2\repository\org\seleniumhq\selenium\selenium-firefox-driver\3.141.59\selenium-firefox-driver-3.141.59.jar;C:\Users\rajiv\.m2\repository\org\seleniumhq\selenium\selenium-ie-driver\3.141.59\selenium-ie-driver-3.141.59.jar;C:\Users\rajiv\.m2\repository\org\seleniumhq\selenium\selenium-opera-driver\3.141.59\selenium-opera-driver-3.141.59.jar;C:\Users\rajiv\.m2\repository\org\seleniumhq\selenium\selenium-remote-driver\3.141.59\selenium-remote-driver-3.141.59.jar;C:\Users\rajiv\.m2\repository\org\seleniumhq\selenium\selenium-safari-driver\3.141.59\selenium-safari-driver-3.141.59.jar;C:\Users\rajiv\.m2\repository\org\seleniumhq\selenium\selenium-support\3.141.59\selenium-support-3.141.59.jar;C:\Users\rajiv\.m2\repository\net\bytebuddy\byte-buddy\1.8.15\byte-buddy-1.8.15.jar;C:\Users\rajiv\.m2\repository\org\apache\commons\commons-exec\1.3\commons-exec-1.3.jar;C:\Users\rajiv\.m2\repository\com\google\guava\guava\25.0-jre\guava-25.0-jre.jar;C:\Users\rajiv\.m2\repository\com\google\code\findbugs\jsr305\1.3.9\jsr305-1.3.9.jar;C:\Users\rajiv\.m2\repository\org\checkerframework\checker-compat-qual\2.0.0\checker-compat-qual-2.0.0.jar;C:\Users\rajiv\.m2\repository\com\google\errorprone\error_prone_annotations\2.1.3\error_prone_annotations-2.1.3.jar;C:\Users\rajiv\.m2\repository\com\google\j2objc\j2objc-annotations\1.1\j2objc-annotations-1.1.jar;C:\Users\rajiv\.m2\repository\org\codehaus\mojo\animal-sniffer-annotations\1.14\animal-sniffer-annotations-1.14.jar;C:\Users\rajiv\.m2\repository\com\squareup\okhttp3\okhttp\3.11.0\okhttp-3.11.0.jar;C:\Users\rajiv\.m2\repository\com\squareup\okio\okio\1.14.0\okio-1.14.0.jar;C:\Users\rajiv\.m2\repository\io\github\bonigarcia\webdrivermanager\4.2.2\webdrivermanager-4.2.2.jar;C:\Users\rajiv\.m2\repository\org\slf4j\slf4j-api\1.7.30\slf4j-api-1.7.30.jar;C:\Users\rajiv\.m2\repository\commons-io\commons-io\2.8.0\commons-io-2.8.0.jar;C:\Users\rajiv\.m2\repository\com\google\code\gson\gson\2.8.6\gson-2.8.6.jar;C:\Users\rajiv\.m2\repository\org\apache\commons\commons-lang3\3.11\commons-lang3-3.11.jar;C:\Users\rajiv\.m2\repository\org\apache\httpcomponents\client5\httpclient5\5.0.1\httpclient5-5.0.1.jar;C:\Users\rajiv\.m2\repository\org\apache\httpcomponents\core5\httpcore5\5.0.1\httpcore5-5.0.1.jar;C:\Users\rajiv\.m2\repository\org\apache\httpcomponents\core5\httpcore5-h2\5.0.1\httpcore5-h2-5.0.1.jar;C:\Users\rajiv\.m2\repository\org\rauschig\jarchivelib\1.1.0\jarchivelib-1.1.0.jar;C:\Users\rajiv\.m2\repository\org\jsoup\jsoup\1.13.1\jsoup-1.13.1.jar;C:\Users\rajiv\.m2\repository\tech\grasshopper\extentreports-cucumber6-adapter\2.6.0\extentreports-cucumber6-adapter-2.6.0.jar;C:\Users\rajiv\.m2\repository\com\aventstack\extentreports\5.0.5\extentreports-5.0.5.jar;C:\Users\rajiv\.m2\repository\io\reactivex\rxjava3\rxjava\3.0.4\rxjava-3.0.4.jar;C:\Users\rajiv\.m2\repository\org\reactivestreams\reactive-streams\1.0.3\reactive-streams-1.0.3.jar;C:\Users\rajiv\.m2\repository\org\freemarker\freemarker\2.3.30\freemarker-2.3.30.jar;C:\Users\rajiv\.m2\repository\org\projectlombok\lombok\1.18.12\lombok-1.18.12.jar;C:\Users\rajiv\.m2\repository\tech\grasshopper\extent-pdf-report\1.5.0\extent-pdf-report-1.5.0.jar;C:\Users\rajiv\.m2\repository\tech\grasshopper\cucumber-pdf-report\1.7.0\cucumber-pdf-report-1.7.0.jar;C:\Users\rajiv\.m2\repository\org\knowm\xchart\xchart\3.6.5\xchart-3.6.5.jar;C:\Users\rajiv\.m2\repository\de\erichseifert\vectorgraphics2d\VectorGraphics2D\0.13\VectorGraphics2D-0.13.jar;C:\Users\rajiv\.m2\repository\de\rototor\pdfbox\graphics2d\0.27\graphics2d-0.27.jar;C:\Users\rajiv\.m2\repository\com\madgag\animated-gif-lib\1.4\animated-gif-lib-1.4.jar;C:\Users\rajiv\.m2\repository\com\github\vandeseer\easytable\0.7.1\easytable-0.7.1.jar;C:\Users\rajiv\.m2\repository\org\yaml\snakeyaml\1.27\snakeyaml-1.27.jar;C:\Users\rajiv\.m2\repository\com\aventstack\klov-reporter\5.0.5\klov-reporter-5.0.5.jar;C:\Users\rajiv\.m2\repository\org\mongodb\bson\3.6.4\bson-3.6.4.jar;C:\Users\rajiv\.m2\repository\org\apache\httpcomponents\httpclient\4.5.2\httpclient-4.5.2.jar;C:\Users\rajiv\.m2\repository\org\apache\httpcomponents\httpcore\4.4.4\httpcore-4.4.4.jar;C:\Users\rajiv\.m2\repository\org\apache\httpcomponents\httpmime\4.5.2\httpmime-4.5.2.jar;C:\Users\rajiv\.m2\repository\org\mongodb\mongodb-driver\3.3.0\mongodb-driver-3.3.0.jar;C:\Users\rajiv\.m2\repository\org\mongodb\mongodb-driver-core\3.3.0\mongodb-driver-core-3.3.0.jar;C:\Users\rajiv\.m2\repository\org\testng\testng\6.14.3\testng-6.14.3.jar;C:\Users\rajiv\.m2\repository\com\beust\jcommander\1.72\jcommander-1.72.jar;C:\Users\rajiv\.m2\repository\org\apache-extras\beanshell\bsh\2.0b6\bsh-2.0b6.jar;C:\Users\rajiv\.m2\repository\io\cucumber\cucumber-testng\6.9.0\cucumber-testng-6.9.0.jar;C:\Users\rajiv\.m2\repository\org\apache\poi\poi\4.1.2\poi-4.1.2.jar;C:\Users\rajiv\.m2\repository\commons-codec\commons-codec\1.13\commons-codec-1.13.jar;C:\Users\rajiv\.m2\repository\org\apache\commons\commons-collections4\4.4\commons-collections4-4.4.jar;C:\Users\rajiv\.m2\repository\org\apache\commons\commons-math3\3.6.1\commons-math3-3.6.1.jar;C:\Users\rajiv\.m2\repository\com\zaxxer\SparseBitSet\1.2\SparseBitSet-1.2.jar;C:\Users\rajiv\.m2\repository\org\apache\poi\poi-ooxml\4.1.2\poi-ooxml-4.1.2.jar;C:\Users\rajiv\.m2\repository\org\apache\poi\poi-ooxml-schemas\4.1.2\poi-ooxml-schemas-4.1.2.jar;C:\Users\rajiv\.m2\repository\org\apache\xmlbeans\xmlbeans\3.1.0\xmlbeans-3.1.0.jar;C:\Users\rajiv\.m2\repository\org\apache\commons\commons-compress\1.19\commons-compress-1.19.jar;C:\Users\rajiv\.m2\repository\com\github\virtuald\curvesapi\1.06\curvesapi-1.06.jar;C:\Users\rajiv\.m2\repository\com\github\ralfstuckert\pdfbox-layout\pdfbox2-layout\1.0.1\pdfbox2-layout-1.0.1.jar;C:\Users\rajiv\.m2\repository\org\apache\pdfbox\pdfbox\2.0.4\pdfbox-2.0.4.jar;C:\Users\rajiv\.m2\repository\org\apache\pdfbox\fontbox\2.0.4\fontbox-2.0.4.jar;C:\Users\rajiv\.m2\repository\commons-logging\commons-logging\1.2\commons-logging-1.2.jar;"/>
    <property name="sun.cpu.endian" value="little"/>
    <property name="user.home" value="C:\Users\rajiv"/>
    <property name="user.language" value="en"/>
    <property name="java.specification.vendor" value="Oracle Corporation"/>
    <property name="java.version.date" value="2021-07-20"/>
    <property name="java.home" value="C:\Program Files\Java\jdk-11.0.12"/>
    <property name="file.separator" value="\"/>
    <property name="basedir" value="E:\Shweta_Space\workspace\MyCucumberPOMSeries"/>
    <property name="java.vm.compressedOopsMode" value="Zero based"/>
    <property name="line.separator" value="&#10;"/>
    <property name="java.specification.name" value="Java Platform API Specification"/>
    <property name="java.vm.specification.vendor" value="Oracle Corporation"/>
    <property name="java.awt.graphicsenv" value="sun.awt.Win32GraphicsEnvironment"/>
    <property name="surefire.real.class.path" value="C:\Users\rajiv\AppData\Local\Temp\surefire9701301799210106251\surefirebooter4962278649113006341.jar"/>
    <property name="user.script" value=""/>
    <property name="sun.management.compiler" value="HotSpot 64-Bit Tiered Compilers"/>
    <property name="java.runtime.version" value="11.0.12+8-LTS-237"/>
    <property name="user.name" value="rajiv"/>
    <property name="path.separator" value=";"/>
    <property name="os.version" value="10.0"/>
    <property name="java.runtime.name" value="Java(TM) SE Runtime Environment"/>
    <property name="file.encoding" value="Cp1252"/>
    <property name="java.vm.name" value="Java HotSpot(TM) 64-Bit Server VM"/>
    <property name="java.vendor.version" value="18.9"/>
    <property name="localRepository" value="C:\Users\rajiv\.m2\repository"/>
    <property name="java.vendor.url.bug" value="https://bugreport.java.com/bugreport/"/>
    <property name="java.io.tmpdir" value="C:\Users\rajiv\AppData\Local\Temp\"/>
    <property name="java.version" value="11.0.12"/>
    <property name="user.dir" value="E:\Shweta_Space\workspace\MyCucumberPOMSeries"/>
    <property name="os.arch" value="amd64"/>
    <property name="java.vm.specification.name" value="Java Virtual Machine Specification"/>
    <property name="java.awt.printerjob" value="sun.awt.windows.WPrinterJob"/>
    <property name="sun.os.patch.level" value=""/>
    <property name="java.library.path" value="C:\Program Files\Java\jdk-11.0.12\bin;C:\WINDOWS\Sun\Java\bin;C:\WINDOWS\system32;C:\WINDOWS;C:\Program Files\Common Files\Oracle\Java\javapath;C:\Windows\system32;C:\Windows;C:\Windows\System32\Wbem;C:\Windows\System32\WindowsPowerShell\v1.0\;C:\Windows\System32\OpenSSH\;C:\Program Files (x86)\NVIDIA Corporation\PhysX\Common;C:\Program Files\NVIDIA Corporation\NVIDIA NvDLISR;C:\Program Files\Docker\Docker\resources\bin;C:\WINDOWS\system32;C:\WINDOWS;C:\WINDOWS\System32\Wbem;C:\WINDOWS\System32\WindowsPowerShell\v1.0\;C:\WINDOWS\System32\OpenSSH\;E:\Shweta_Space\Git\cmd;C:\Users\rajiv\AppData\Local\Microsoft\WindowsApps;C:\Program Files\Java\jdk-11.0.12\bin;E:\Shweta_Space\apache-maven-3.6.3-bin\apache-maven-3.6.3\bin;;."/>
    <property name="java.vendor" value="Oracle Corporation"/>
    <property name="java.vm.info" value="mixed mode"/>
    <property name="java.vm.version" value="11.0.12+8-LTS-237"/>
    <property name="sun.io.unicode.encoding" value="UnicodeLittle"/>
    <property name="java.class.version" value="55.0"/>
  </properties>
  <testcase name="null on testrunners.MyTestRunner" classname="testrunners.MyTestRunner" time="108.872">
    <failure message="org.apache.pdfbox.pdmodel.interactive.annotation.PDAnnotation.constructAppearances()V" type="java.lang.NoSuchMethodError">java.lang.NoSuchMethodError: org.apache.pdfbox.pdmodel.interactive.annotation.PDAnnotation.constructAppearances()V
</failure>
    <system-out><![CDATA[
@accounts
Scenario: Accounts page title                       &amp#27;[90m# src/test/resources/AppFeatures/AccountsPage.feature:9&amp#27;[0m
Browser value:chromelogin with: shwetagupta806@gmail.com and Shweta@24
  &amp#27;[32mGiven &amp#27;[0m&amp#27;[32muser has already logged in to application&amp#27;[0m   &amp#27;[90m# stepDefinations.AccountsPageSteps.user_has_already_logged_in_to_application(io.cucumber.datatable.DataTable)&amp#27;[0m
Account page title:My account - My Store
  &amp#27;[32mGiven &amp#27;[0m&amp#27;[32muser is on Accounts page&amp#27;[0m                    &amp#27;[90m# stepDefinations.AccountsPageSteps.user_is_on_accounts_page()&amp#27;[0m
Title :My account - My Store
  &amp#27;[32mWhen &amp#27;[0m&amp#27;[32muser gets the title of the page&amp#27;[0m              &amp#27;[90m# stepDefinations.LoginPageSteps.user_gets_the_title_of_the_page()&amp#27;[0m
  &amp#27;[32mThen &amp#27;[0m&amp#27;[32mpage title should be &amp#27;[0m&amp#27;[32m&amp#27;[1m"My account - My Store"&amp#27;[0m &amp#27;[90m# stepDefinations.LoginPageSteps.page_title_should_be(java.lang.String)&amp#27;[0m

@accounts
Scenario: Accounts section count                  &amp#27;[90m# src/test/resources/AppFeatures/AccountsPage.feature:15&amp#27;[0m
Browser value:chromelogin with: shwetagupta806@gmail.com and Shweta@24
  &amp#27;[32mGiven &amp#27;[0m&amp#27;[32muser has already logged in to application&amp#27;[0m &amp#27;[90m# stepDefinations.AccountsPageSteps.user_has_already_logged_in_to_application(io.cucumber.datatable.DataTable)&amp#27;[0m
Account page title:My account - My Store
  &amp#27;[32mGiven &amp#27;[0m&amp#27;[32muser is on Accounts page&amp#27;[0m                  &amp#27;[90m# stepDefinations.AccountsPageSteps.user_is_on_accounts_page()&amp#27;[0m
Expected Account Section List:[ORDER HISTORY AND DETAILS, MY CREDIT SLIPS, MY ADDRESSES, MY PERSONAL INFORMATION, MY WISHLISTS, Home]
ORDER HISTORY AND DETAILS
MY CREDIT SLIPS
MY ADDRESSES
MY PERSONAL INFORMATION
MY WISHLISTS
Home
Actual Account Section List:[ORDER HISTORY AND DETAILS, MY CREDIT SLIPS, MY ADDRESSES, MY PERSONAL INFORMATION, MY WISHLISTS, Home]
  &amp#27;[32mThen &amp#27;[0m&amp#27;[32muser gets accounts section&amp#27;[0m                 &amp#27;[90m# stepDefinations.AccountsPageSteps.user_gets_accounts_section(io.cucumber.datatable.DataTable)&amp#27;[0m
  &amp#27;[32mAnd &amp#27;[0m&amp#27;[32maccounts section count should be &amp#27;[0m&amp#27;[32m&amp#27;[1m6&amp#27;[0m          &amp#27;[90m# stepDefinations.AccountsPageSteps.accounts_section_count_should_be(java.lang.Integer)&amp#27;[0m

Scenario: Login Page Title                     &amp#27;[90m# src/test/resources/AppFeatures/LoginPage.feature:3&amp#27;[0m
Browser value:chrome  &amp#27;[32mGiven &amp#27;[0m&amp#27;[32muser is on Login page&amp#27;[0m                  &amp#27;[90m# stepDefinations.LoginPageSteps.user_is_on_login_page()&amp#27;[0m
Title :508 Resource Limit Is Reached
  &amp#27;[32mWhen &amp#27;[0m&amp#27;[32muser gets the title of the page&amp#27;[0m         &amp#27;[90m# stepDefinations.LoginPageSteps.user_gets_the_title_of_the_page()&amp#27;[0m
  &amp#27;[31mThen &amp#27;[0m&amp#27;[31mpage title should be &amp#27;[0m&amp#27;[31m&amp#27;[1m"Login - My Store"&amp#27;[0m &amp#27;[90m# stepDefinations.LoginPageSteps.page_title_should_be(java.lang.String)&amp#27;[0m
      &amp#27;[31mjava.lang.AssertionError
	at org.junit.Assert.fail(Assert.java:87)
	at org.junit.Assert.assertTrue(Assert.java:42)
	at org.junit.Assert.assertTrue(Assert.java:53)
	at stepDefinations.LoginPageSteps.page_title_should_be(LoginPageSteps.java:32)
	at âœ½.page title should be "Login - My Store"(file:///E:/Shweta_Space/workspace/MyCucumberPOMSeries/src/test/resources/AppFeatures/LoginPage.feature:6)
&amp#27;[0m

    Embedding Login_Page_Title [image/png 24025 bytes]


Scenario: Forgot Password Link                       &amp#27;[90m# src/test/resources/AppFeatures/LoginPage.feature:8&amp#27;[0m
Browser value:chrome  &amp#27;[32mGiven &amp#27;[0m&amp#27;[32muser is on Login page&amp#27;[0m                        &amp#27;[90m# stepDefinations.LoginPageSteps.user_is_on_login_page()&amp#27;[0m
  &amp#27;[32mThen &amp#27;[0m&amp#27;[32mforgot your password link should be displayed&amp#27;[0m &amp#27;[90m# stepDefinations.LoginPageSteps.forgot_your_password_link_should_be_displayed()&amp#27;[0m

Scenario: Login with correct credentials               &amp#27;[90m# src/test/resources/AppFeatures/LoginPage.feature:12&amp#27;[0m
Browser value:chrome  &amp#27;[32mGiven &amp#27;[0m&amp#27;[32muser is on Login page&amp#27;[0m                          &amp#27;[90m# stepDefinations.LoginPageSteps.user_is_on_login_page()&amp#27;[0m
  &amp#27;[32mWhen &amp#27;[0m&amp#27;[32muser enters username &amp#27;[0m&amp#27;[32m&amp#27;[1m"shwetagupta806@gmail.com"&amp#27;[0m &amp#27;[90m# stepDefinations.LoginPageSteps.user_enters_username(java.lang.String)&amp#27;[0m
  &amp#27;[32mAnd &amp#27;[0m&amp#27;[32muser enters password &amp#27;[0m&amp#27;[32m&amp#27;[1m"Shweta@24"&amp#27;[0m                 &amp#27;[90m# stepDefinations.LoginPageSteps.user_enters_password(java.lang.String)&amp#27;[0m
  &amp#27;[32mAnd &amp#27;[0m&amp#27;[32muser clicks on Login button&amp#27;[0m                      &amp#27;[90m# stepDefinations.LoginPageSteps.user_clicks_on_login_button()&amp#27;[0m
Title :My account - My Store
  &amp#27;[32mThen &amp#27;[0m&amp#27;[32muser gets the title of the page&amp#27;[0m                 &amp#27;[90m# stepDefinations.LoginPageSteps.user_gets_the_title_of_the_page()&amp#27;[0m
  &amp#27;[32mAnd &amp#27;[0m&amp#27;[32mpage title should be &amp#27;[0m&amp#27;[32m&amp#27;[1m"My account - My Store"&amp#27;[0m     &amp#27;[90m# stepDefinations.LoginPageSteps.page_title_should_be(java.lang.String)&amp#27;[0m
]]></system-out>
    <system-err><![CDATA[SLF4J: Failed to load class "org.slf4j.impl.StaticLoggerBinder".
SLF4J: Defaulting to no-operation (NOP) logger implementation
SLF4J: See http://www.slf4j.org/codes.html#StaticLoggerBinder for further details.
Starting ChromeDriver 93.0.4577.63 (ff5c0da2ec0adeaed5550e6c7e98417dac77d98a-refs/branch-heads/4577@{#1135}) on port 2252
Only local connections are allowed.
Please see https://chromedriver.chromium.org/security-considerations for suggestions on keeping ChromeDriver safe.
ChromeDriver was started successfully.
Sep 17, 2021 5:53:56 PM org.openqa.selenium.remote.ProtocolHandshake createSession
INFO: Detected dialect: W3C
Starting ChromeDriver 93.0.4577.63 (ff5c0da2ec0adeaed5550e6c7e98417dac77d98a-refs/branch-heads/4577@{#1135}) on port 39083
Only local connections are allowed.
Please see https://chromedriver.chromium.org/security-considerations for suggestions on keeping ChromeDriver safe.
ChromeDriver was started successfully.
Sep 17, 2021 5:54:24 PM org.openqa.selenium.remote.ProtocolHandshake createSession
INFO: Detected dialect: W3C
Starting ChromeDriver 93.0.4577.63 (ff5c0da2ec0adeaed5550e6c7e98417dac77d98a-refs/branch-heads/4577@{#1135}) on port 45663
Only local connections are allowed.
Please see https://chromedriver.chromium.org/security-considerations for suggestions on keeping ChromeDriver safe.
ChromeDriver was started successfully.
Sep 17, 2021 5:54:53 PM org.openqa.selenium.remote.ProtocolHandshake createSession
INFO: Detected dialect: W3C
Starting ChromeDriver 93.0.4577.63 (ff5c0da2ec0adeaed5550e6c7e98417dac77d98a-refs/branch-heads/4577@{#1135}) on port 20177
Only local connections are allowed.
Please see https://chromedriver.chromium.org/security-considerations for suggestions on keeping ChromeDriver safe.
ChromeDriver was started successfully.
Sep 17, 2021 5:54:56 PM org.openqa.selenium.remote.ProtocolHandshake createSession
INFO: Detected dialect: W3C
Starting ChromeDriver 93.0.4577.63 (ff5c0da2ec0adeaed5550e6c7e98417dac77d98a-refs/branch-heads/4577@{#1135}) on port 44489
Only local connections are allowed.
Please see https://chromedriver.chromium.org/security-considerations for suggestions on keeping ChromeDriver safe.
ChromeDriver was started successfully.
Sep 17, 2021 5:55:10 PM org.openqa.selenium.remote.ProtocolHandshake createSession
INFO: Detected dialect: W3C
Sep 17, 2021 5:55:41 PM tech.grasshopper.pdf.PDFCucumberReport collectReportConfiguration
INFO: PDF report configuration not found. Using default settings.
]]></system-err>
  </testcase>
</testsuite>